02/11/2020 04:53:37.010 - [generator.manager.generate]                                 - [INFO]     - #> Inzio lettura delle configurazioni
02/11/2020 04:53:37.011 - [generator.manager.generate]                                 - [INFO]     - #> Tentativo generazione password numero: 1
02/11/2020 04:53:37.011 - [generator.manager.generate]                                 - [INFO]     - #> Numero di parole da aggiungere: 2
02/11/2020 04:53:37.012 - [generator.manager.generate]                                 - [INFO]     - #> Aggiunta nuova parola: rifiutare
02/11/2020 04:53:37.012 - [generator.manager.generate]                                 - [INFO]     - #> Aggiunta nuova parola: personaggio
02/11/2020 04:53:37.013 - [generator.manager.generate]                                 - [INFO]     - #> Numero randomico generato: 0
02/11/2020 04:53:37.013 - [generator.manager.generate]                                 - [INFO]     - #> Elaborazione parola: rifiutare
02/11/2020 04:53:37.013 - [generator.manager.generate]                                 - [INFO]     - #> Aggiungo padBeforeFix...
02/11/2020 04:53:37.014 - [generator.manager.generate]                                 - [INFO]     - #> Aggiungo padBefore...
02/11/2020 04:53:37.014 - [generator.manager.generate]                                 - [INFO]     - #> Altero le maiuscole della parola...
02/11/2020 04:53:37.014 - [generator.manager.generate]                                 - [INFO]     - #> Aggiungo padAfter...
02/11/2020 04:53:37.015 - [generator.manager.generate]                                 - [INFO]     - #> Aggiungo padAfterFix...
02/11/2020 04:53:37.015 - [generator.manager.generate]                                 - [INFO]     - #> Aggiungo separatore e passo alla prossima parola...
02/11/2020 04:53:37.015 - [generator.manager.generate]                                 - [INFO]     - #> Elaborazione parola: personaggio
02/11/2020 04:53:37.016 - [generator.manager.generate]                                 - [INFO]     - #> Aggiungo padBeforeFix...
02/11/2020 04:53:37.016 - [generator.manager.generate]                                 - [INFO]     - #> Aggiungo padBefore...
02/11/2020 04:53:37.016 - [generator.manager.generate]                                 - [INFO]     - #> Altero le maiuscole della parola...
02/11/2020 04:53:37.017 - [generator.manager.generate]                                 - [INFO]     - #> Aggiungo padAfter...
02/11/2020 04:53:37.017 - [generator.manager.generate]                                 - [INFO]     - #> Aggiungo padAfterFix...
02/11/2020 04:53:37.018 - [generator.manager.generate]                                 - [INFO]     - #> Ultima parola chiudo la password...
02/11/2020 04:53:37.018 - [generator.manager.generate]                                 - [INFO]     - #> Aggiungo numero finale...
02/11/2020 04:53:37.019 - [generator.manager.generate]                                 - [INFO]     - #> Password generata: .Rifiutare%.Personaggio69
02/11/2020 04:53:37.019 - [generator.manager.generate]                                 - [INFO]     - #> Lunghezza: 25
02/11/2020 04:53:37.019 - [generator.manager.generate]                                 - [INFO]     - #> Lunghezza richiesta: 10-19
02/11/2020 04:53:37.020 - [generator.manager.generate]                                 - [INFO]     - #> Tentativo generazione password numero: 2
02/11/2020 04:53:37.020 - [generator.manager.generate]                                 - [INFO]     - #> Numero di parole da aggiungere: 2
02/11/2020 04:53:37.020 - [generator.manager.generate]                                 - [INFO]     - #> Aggiunta nuova parola: fino
02/11/2020 04:53:37.021 - [generator.manager.generate]                                 - [INFO]     - #> Aggiunta nuova parola: avanzare
02/11/2020 04:53:37.021 - [generator.manager.generate]                                 - [INFO]     - #> Numero randomico generato: 0
02/11/2020 04:53:37.021 - [generator.manager.generate]                                 - [INFO]     - #> Elaborazione parola: fino
02/11/2020 04:53:37.022 - [generator.manager.generate]                                 - [INFO]     - #> Aggiungo padBeforeFix...
02/11/2020 04:53:37.022 - [generator.manager.generate]                                 - [INFO]     - #> Aggiungo padBefore...
02/11/2020 04:53:37.022 - [generator.manager.generate]                                 - [INFO]     - #> Altero le maiuscole della parola...
02/11/2020 04:53:37.023 - [generator.manager.generate]                                 - [INFO]     - #> Aggiungo padAfter...
02/11/2020 04:53:37.023 - [generator.manager.generate]                                 - [INFO]     - #> Aggiungo padAfterFix...
02/11/2020 04:53:37.023 - [generator.manager.generate]                                 - [INFO]     - #> Aggiungo separatore e passo alla prossima parola...
02/11/2020 04:53:37.024 - [generator.manager.generate]                                 - [INFO]     - #> Elaborazione parola: avanzare
02/11/2020 04:53:37.024 - [generator.manager.generate]                                 - [INFO]     - #> Aggiungo padBeforeFix...
02/11/2020 04:53:37.024 - [generator.manager.generate]                                 - [INFO]     - #> Aggiungo padBefore...
02/11/2020 04:53:37.024 - [generator.manager.generate]                                 - [INFO]     - #> Altero le maiuscole della parola...
02/11/2020 04:53:37.025 - [generator.manager.generate]                                 - [INFO]     - #> Aggiungo padAfter...
02/11/2020 04:53:37.025 - [generator.manager.generate]                                 - [INFO]     - #> Aggiungo padAfterFix...
02/11/2020 04:53:37.025 - [generator.manager.generate]                                 - [INFO]     - #> Ultima parola chiudo la password...
02/11/2020 04:53:37.026 - [generator.manager.generate]                                 - [INFO]     - #> Aggiungo numero finale...
02/11/2020 04:53:37.026 - [generator.manager.generate]                                 - [INFO]     - #> Password generata: .Fino%.Avanzare91
02/11/2020 04:53:37.026 - [generator.manager.generate]                                 - [INFO]     - #> Lunghezza: 17
02/11/2020 04:53:37.026 - [generator.manager.generate]                                 - [INFO]     - #> Lunghezza richiesta: 10-19
