02/11/2020 04:53:34.911 - [generator.manager.generate]                                 - [INFO]     - #> Inzio lettura delle configurazioni
02/11/2020 04:53:34.914 - [generator.manager.generate]                                 - [INFO]     - #> Tentativo generazione password numero: 1
02/11/2020 04:53:34.915 - [generator.manager.generate]                                 - [INFO]     - #> Numero di parole da aggiungere: 2
02/11/2020 04:53:34.915 - [generator.manager.generate]                                 - [INFO]     - #> Aggiunta nuova parola: via
02/11/2020 04:53:34.916 - [generator.manager.generate]                                 - [INFO]     - #> Aggiunta nuova parola: si
02/11/2020 04:53:34.916 - [generator.manager.generate]                                 - [INFO]     - #> Numero randomico generato: 0
02/11/2020 04:53:34.920 - [generator.manager.generate]                                 - [INFO]     - #> Elaborazione parola: via
02/11/2020 04:53:34.920 - [generator.manager.generate]                                 - [INFO]     - #> Aggiungo padBeforeFix...
02/11/2020 04:53:34.921 - [generator.manager.generate]                                 - [INFO]     - #> Aggiungo padBefore...
02/11/2020 04:53:34.921 - [generator.manager.generate]                                 - [INFO]     - #> Altero le maiuscole della parola...
02/11/2020 04:53:34.930 - [generator.manager.generate]                                 - [INFO]     - #> Aggiungo padAfter...
02/11/2020 04:53:34.931 - [generator.manager.generate]                                 - [INFO]     - #> Aggiungo padAfterFix...
02/11/2020 04:53:34.931 - [generator.manager.generate]                                 - [INFO]     - #> Aggiungo separatore e passo alla prossima parola...
02/11/2020 04:53:34.932 - [generator.manager.generate]                                 - [INFO]     - #> Elaborazione parola: si
02/11/2020 04:53:34.932 - [generator.manager.generate]                                 - [INFO]     - #> Aggiungo padBeforeFix...
02/11/2020 04:53:34.932 - [generator.manager.generate]                                 - [INFO]     - #> Aggiungo padBefore...
02/11/2020 04:53:34.933 - [generator.manager.generate]                                 - [INFO]     - #> Altero le maiuscole della parola...
02/11/2020 04:53:34.933 - [generator.manager.generate]                                 - [INFO]     - #> Aggiungo padAfter...
02/11/2020 04:53:34.934 - [generator.manager.generate]                                 - [INFO]     - #> Aggiungo padAfterFix...
02/11/2020 04:53:34.934 - [generator.manager.generate]                                 - [INFO]     - #> Ultima parola chiudo la password...
02/11/2020 04:53:34.934 - [generator.manager.generate]                                 - [INFO]     - #> Aggiungo numero finale...
02/11/2020 04:53:34.937 - [generator.manager.generate]                                 - [INFO]     - #> Password generata: .Via%.Si76
02/11/2020 04:53:34.937 - [generator.manager.generate]                                 - [INFO]     - #> Lunghezza: 10
02/11/2020 04:53:34.938 - [generator.manager.generate]                                 - [INFO]     - #> Lunghezza richiesta: 10-19
